<?xml version="1.0" encoding="UTF-8"?>
<testsuite xmlns:xsi="http://www.w3.org/2001/XMLSchema-instance" xsi:noNamespaceSchemaLocation="https://maven.apache.org/surefire/maven-surefire-plugin/xsd/surefire-test-report-3.0.xsd" version="3.0" name="ModelSocioFederadoTest" time="0.147" tests="5" errors="0" skipped="0" failures="0">
  <properties>
[...]
</properties>
  <testcase name="insert" classname="ModelSocioFederadoTest" time="0.023"/>
  <testcase name="update" classname="ModelSocioFederadoTest" time="0.018"/>
  <testcase name="get" classname="ModelSocioFederadoTest" time="0.011"/>
  <testcase name="getAll" classname="ModelSocioFederadoTest" time="0.027"/>
  <testcase name="delete" classname="ModelSocioFederadoTest" time="0.065"/>
</testsuite>